[debug] [2026-05-23T13:12:57.530Z] ----------------------------------------------------------------------
[debug] [2026-05-23T13:12:57.533Z] Command:       /usr/local/bin/node /usr/local/bin/firebase init emulators
[debug] [2026-05-23T13:12:57.533Z] CLI Version:   15.18.0
[debug] [2026-05-23T13:12:57.533Z] Platform:      darwin
[debug] [2026-05-23T13:12:57.534Z] Node Version:  v24.11.1
[debug] [2026-05-23T13:12:57.534Z] Time:          Sat May 23 2026 20:12:57 GMT+0700 (Indochina Time)
[debug] [2026-05-23T13:12:57.534Z] ----------------------------------------------------------------------
[debug] 
[info] 
     ######## #### ########  ######## ########     ###     ######  ########
     ##        ##  ##     ## ##       ##     ##  ##   ##  ##       ##
     ######    ##  ########  ######   ########  #########  ######  ######
     ##        ##  ##    ##  ##       ##     ## ##     ##       ## ##
     ##       #### ##     ## ######## ########  ##     ##  ######  ########

You're about to initialize a Firebase project in this directory:

  /Users/menghok/Developer/Hosting/react

[info] 
=== Project Setup
[info] 
[info] First, let's associate this project directory with a Firebase project.
[info] You can create multiple project aliases by running firebase use --add, 
[info] 
[info] i  If you want to create a project in a Google Cloud organization or folder, please use "firebase projects:create" instead, and return to this command when you've created the project. 
[debug] [2026-05-23T13:13:19.319Z] > command requires scopes: ["email","openid","https://www.googleapis.com/auth/cloudplatformprojects.readonly","https://www.googleapis.com/auth/firebase","https://www.googleapis.com/auth/cloud-platform"]
[debug] [2026-05-23T13:13:19.320Z] > authorizing via signed-in user (pichmenghok@gmail.com)
[debug] [2026-05-23T13:14:08.647Z] ExitPromptError: User force closed the prompt with SIGINT
    at Interface.sigint (/usr/local/lib/node_modules/firebase-tools/node_modules/@inquirer/core/dist/commonjs/lib/create-prompt.js:101:37)
    at Interface.emit (node:events:508:28)
    at [_ttyWrite] [as _ttyWrite] (node:internal/readline/interface:1317:18)
    at ReadStream.onkeypress (node:internal/readline/interface:284:20)
    at ReadStream.emit (node:events:520:35)
    at emitKeys (node:internal/readline/utils:371:14)
    at emitKeys.next (<anonymous>)
    at ReadStream.onData (node:internal/readline/emitKeypressEvents:64:36)
    at ReadStream.emit (node:events:508:28)
    at addChunk (node:internal/streams/readable:559:12)
[error] 
[error] Error: An unexpected error has occurred.
